0 info it worked if it ends with ok
1 verbose cli [ 'node',
1 verbose cli   '/usr/local/node/bin/npm',
1 verbose cli   'install',
1 verbose cli   'child-process',
1 verbose cli   '-save' ]
2 info using npm@2.1.3
3 info using node@v0.10.32
4 warn package.json hapi-technologies@1.0.0 No README data
5 warn package.json crypto@0.0.3 crypto is also the name of a node core module.
6 silly cache add args [ 'child-process', null ]
7 verbose cache add spec child-process
8 silly cache add parsed spec { raw: 'child-process',
8 silly cache add   scope: null,
8 silly cache add   name: 'child-process',
8 silly cache add   rawSpec: '',
8 silly cache add   spec: '*',
8 silly cache add   type: 'range' }
9 verbose addNamed child-process@*
10 verbose addNamed child-process@* not in flight; adding
11 silly addNamed semver.valid null
12 silly addNamed semver.validRange *
13 silly addNameRange { name: 'child-process', range: '*', hasData: false }
14 verbose mapToRegistry name child-process
15 verbose mapToRegistry uri https://registry.npmjs.org/child-process
16 verbose request on initialization, where is /child-process
17 verbose request after pass 1, where is /child-process
18 verbose request url raw /child-process
19 verbose request resolving registry [ 'https://registry.npmjs.org/', './child-process' ]
20 verbose request after pass 2, where is https://registry.npmjs.org/child-process
21 verbose request no auth needed
22 info attempt registry request try #1 at 11:53:19
23 verbose request id 6e1d1d26d164715f
24 http request GET https://registry.npmjs.org/child-process
25 http 404 https://registry.npmjs.org/child-process
26 verbose headers { date: 'Mon, 15 Dec 2014 17:53:20 GMT',
26 verbose headers   server: 'CouchDB/1.5.0 (Erlang OTP/R16B03)',
26 verbose headers   'content-type': 'application/json',
26 verbose headers   'cache-control': 'max-age=0',
26 verbose headers   'content-length': '52',
26 verbose headers   'accept-ranges': 'bytes',
26 verbose headers   via: '1.1 varnish',
26 verbose headers   age: '0',
26 verbose headers   'x-served-by': 'cache-dfw1825-DFW',
26 verbose headers   'x-cache': 'MISS',
26 verbose headers   'x-cache-hits': '0',
26 verbose headers   'x-timer': 'S1418666000.349904,VS0,VE269',
26 verbose headers   'keep-alive': 'timeout=10, max=50',
26 verbose headers   connection: 'Keep-Alive' }
27 silly registry.get cb [ 404,
27 silly registry.get   { date: 'Mon, 15 Dec 2014 17:53:20 GMT',
27 silly registry.get     server: 'CouchDB/1.5.0 (Erlang OTP/R16B03)',
27 silly registry.get     'content-type': 'application/json',
27 silly registry.get     'cache-control': 'max-age=0',
27 silly registry.get     'content-length': '52',
27 silly registry.get     'accept-ranges': 'bytes',
27 silly registry.get     via: '1.1 varnish',
27 silly registry.get     age: '0',
27 silly registry.get     'x-served-by': 'cache-dfw1825-DFW',
27 silly registry.get     'x-cache': 'MISS',
27 silly registry.get     'x-cache-hits': '0',
27 silly registry.get     'x-timer': 'S1418666000.349904,VS0,VE269',
27 silly registry.get     'keep-alive': 'timeout=10, max=50',
27 silly registry.get     connection: 'Keep-Alive' } ]
28 verbose stack Error: 404 Not Found: child-process
28 verbose stack     at RegClient.<anonymous> (/usr/local/node/lib/node_modules/npm/node_modules/npm-registry-client/lib/request.js:258:14)
28 verbose stack     at Request._callback (/usr/local/node/lib/node_modules/npm/node_modules/npm-registry-client/lib/request.js:197:65)
28 verbose stack     at Request.self.callback (/usr/local/node/lib/node_modules/npm/node_modules/request/request.js:237:22)
28 verbose stack     at Request.emit (events.js:98:17)
28 verbose stack     at Request.<anonymous> (/usr/local/node/lib/node_modules/npm/node_modules/request/request.js:1146:14)
28 verbose stack     at Request.emit (events.js:117:20)
28 verbose stack     at IncomingMessage.<anonymous> (/usr/local/node/lib/node_modules/npm/node_modules/request/request.js:1097:12)
28 verbose stack     at IncomingMessage.emit (events.js:117:20)
28 verbose stack     at _stream_readable.js:943:16
28 verbose stack     at process._tickCallback (node.js:419:13)
29 verbose statusCode 404
30 verbose pkgid child-process
31 verbose cwd /Users/LizaHCarter/Documents/Code/notetaker-new
32 error Darwin 13.4.0
33 error argv "node" "/usr/local/node/bin/npm" "install" "child-process" "-save"
34 error node v0.10.32
35 error npm  v2.1.3
36 error code E404
37 error 404 Not Found: child-process
37 error 404
37 error 404 'child-process' is not in the npm registry.
37 error 404 You should bug the author to publish it (or use the name yourself!)
37 error 404 It was specified as a dependency of 'hapi-technologies'
37 error 404
37 error 404 Note that you can also install from a
37 error 404 tarball, folder, http url, or git url.
38 verbose exit [ 1, true ]
